<?xml version="1.0" encoding="UTF-8"?>
<!-- Generated by org.testng.reporters.JUnitReportReporter -->
<testsuite hostname="MAVBCP3178" failures="0" tests="2" name="com.picnic.maven.CrossBrowserScript" time="40.647" errors="0" timestamp="2021-09-15T14:31:58 IST" skipped="0">
  <testcase classname="com.picnic.maven.CrossBrowserScript" name="testParameterWithXML" time="22.065"/>
  <system-out/>
  <testcase classname="com.picnic.maven.CrossBrowserScript" name="testParameterWithXML" time="18.582"/>
  <system-out/>
</testsuite> <!-- com.picnic.maven.CrossBrowserScript -->
