<?xml version="1.0" encoding="UTF-8"?>
<!-- Generated by org.testng.reporters.JUnitReportReporter -->
<testsuite hostname="MAVBCP3178" failures="0" tests="2" name="com.picnic.maven.RecorderScript" time="50.442" errors="0" timestamp="2021-09-17T09:10:32 IST" skipped="0">
  <testcase classname="com.picnic.maven.RecorderScript" name="testParameterWithXML" time="24.305"/>
  <system-out/>
  <testcase classname="com.picnic.maven.RecorderScript" name="testParameterWithXML" time="26.137"/>
  <system-out/>
</testsuite> <!-- com.picnic.maven.RecorderScript -->
