<?xml version="1.0" encoding="UTF-8"?>
<!-- Generated by org.testng.reporters.JUnitReportReporter -->
<testsuite hostname="MAVBCP3178" failures="0" tests="2" name="com.picnic.maven.SampleSelenium" time="37.730" errors="0" timestamp="2021-09-14T12:50:35 IST" skipped="0">
  <testcase classname="com.picnic.maven.SampleSelenium" name="TestMethod" time="23.649"/>
  <system-out/>
  <testcase classname="com.picnic.maven.SampleSelenium" name="TestMethod2" time="14.081"/>
  <system-out/>
</testsuite> <!-- com.picnic.maven.SampleSelenium -->
