<?xml version="1.0" encoding="UTF-8"?>
<!-- Generated by org.testng.reporters.JUnitReportReporter -->
<testsuite hostname="MAVBCP3178" failures="0" tests="1" name="com.picnic.maven.WordPressLogin" time="21.473" errors="0" timestamp="2021-09-15T09:55:08 IST" skipped="0">
  <testcase classname="com.picnic.maven.WordPressLogin" name="verifyValidLogin" time="21.473"/>
  <system-out/>
</testsuite> <!-- com.picnic.maven.WordPressLogin -->
