<?xml version="1.0" encoding="UTF-8"?>
<!-- Generated by org.testng.reporters.JUnitReportReporter -->
<testsuite skipped="0" hostname="MAVBCP3178" name="com.picnic.maven.RecorderScript" tests="2" failures="0" timestamp="2021-09-17T09:21:08 IST" time="43.951" errors="0">
  <testcase name="testParameterWithXML" time="22.779" classname="com.picnic.maven.RecorderScript"/>
  <system-out/>
  <testcase name="testParameterWithXML" time="21.172" classname="com.picnic.maven.RecorderScript"/>
  <system-out/>
</testsuite> <!-- com.picnic.maven.RecorderScript -->
